<?xml version="1.0" encoding="UTF-8"?>
<testng-results ignored="0" total="2" passed="1" failed="1" skipped="0">
  <reporter-output>
  </reporter-output>
  <suite started-at="2022-02-25T16:31:26 IST" name="Suite" finished-at="2022-02-25T16:31:35 IST" duration-ms="8485">
    <groups>
    </groups>
    <test started-at="2022-02-25T16:31:26 IST" name="Test" finished-at="2022-02-25T16:31:35 IST" duration-ms="8485">
      <class name="MyAutomation.TestNG_Annotation">
        <test-method is-config="true" signature="BeforeMethod()[pri:0, instance:MyAutomation.TestNG_Annotation@3514a4c0]" started-at="2022-02-25T16:31:26 IST" name="BeforeMethod" finished-at="2022-02-25T16:31:26 IST" duration-ms="8" status="PASS">
          <reporter-output>
          </reporter-output>
        </test-method> <!-- BeforeMethod -->
        <test-method is-config="true" signature="Beforetest()[pri:0, instance:MyAutomation.TestNG_Annotation@3514a4c0]" started-at="2022-02-25T16:31:26 IST" name="Beforetest" finished-at="2022-02-25T16:31:26 IST" duration-ms="0" status="PASS">
          <reporter-output>
          </reporter-output>
        </test-method> <!-- Beforetest -->
        <test-method signature="DropDownTest()[pri:0, instance:MyAutomation.TestNG_Annotation@3514a4c0]" started-at="2022-02-25T16:31:27 IST" name="DropDownTest" finished-at="2022-02-25T16:31:27 IST" duration-ms="63" status="FAIL">
          <exception class="java.lang.IllegalStateException">
            <message>
              <![CDATA[The path to the driver executable The path to the driver executable must be set by the webdriver.chrome.driver system property; for more information, see https://github.com/SeleniumHQ/selenium/wiki/ChromeDriver. The latest version can be downloaded from https://chromedriver.storage.googleapis.com/index.html]]>
            </message>
            <full-stacktrace>
              <![CDATA[java.lang.IllegalStateException: The path to the driver executable The path to the driver executable must be set by the webdriver.chrome.driver system property; for more information, see https://github.com/SeleniumHQ/selenium/wiki/ChromeDriver. The latest version can be downloaded from https://chromedriver.storage.googleapis.com/index.html
at org.openqa.selenium.internal.Require$StateChecker.nonNull(Require.java:280)
at org.openqa.selenium.remote.service.DriverService.findExecutable(DriverService.java:135)
at org.openqa.selenium.chrome.ChromeDriverService.access$000(ChromeDriverService.java:38)
at org.openqa.selenium.chrome.ChromeDriverService$Builder.findDefaultExecutable(ChromeDriverService.java:231)
at org.openqa.selenium.remote.service.DriverService$Builder.build(DriverService.java:437)
at org.openqa.selenium.chrome.ChromeDriverService.createDefaultService(ChromeDriverService.java:127)
at org.openqa.selenium.chrome.ChromeDriver.<init>(ChromeDriver.java:46)
at MyAutomation.TestNG_Annotation.DropDownTest(TestNG_Annotation.java:49)
at java.base/jdk.internal.reflect.NativeMethodAccessorImpl.invoke0(Native Method)
at java.base/jdk.internal.reflect.NativeMethodAccessorImpl.invoke(NativeMethodAccessorImpl.java:77)
at java.base/jdk.internal.reflect.DelegatingMethodAccessorImpl.invoke(DelegatingMethodAccessorImpl.java:43)
at java.base/java.lang.reflect.Method.invoke(Method.java:568)
at org.testng.internal.MethodInvocationHelper.invokeMethod(MethodInvocationHelper.java:133)
at org.testng.internal.TestInvoker.invokeMethod(TestInvoker.java:598)
at org.testng.internal.TestInvoker.invokeTestMethod(TestInvoker.java:173)
at org.testng.internal.MethodRunner.runInSequence(MethodRunner.java:46)
at org.testng.internal.TestInvoker$MethodInvocationAgent.invoke(TestInvoker.java:824)
at org.testng.internal.TestInvoker.invokeTestMethods(TestInvoker.java:146)
at org.testng.internal.TestMethodWorker.invokeTestMethods(TestMethodWorker.java:146)
at org.testng.internal.TestMethodWorker.run(TestMethodWorker.java:128)
at java.base/java.util.ArrayList.forEach(ArrayList.java:1511)
at org.testng.TestRunner.privateRun(TestRunner.java:794)
at org.testng.TestRunner.run(TestRunner.java:596)
at org.testng.SuiteRunner.runTest(SuiteRunner.java:377)
at org.testng.SuiteRunner.runSequentially(SuiteRunner.java:371)
at org.testng.SuiteRunner.privateRun(SuiteRunner.java:332)
at org.testng.SuiteRunner.run(SuiteRunner.java:276)
at org.testng.SuiteRunnerWorker.runSuite(SuiteRunnerWorker.java:53)
at org.testng.SuiteRunnerWorker.run(SuiteRunnerWorker.java:96)
at org.testng.TestNG.runSuitesSequentially(TestNG.java:1212)
at org.testng.TestNG.runSuitesLocally(TestNG.java:1134)
at org.testng.TestNG.runSuites(TestNG.java:1063)
at org.testng.TestNG.run(TestNG.java:1031)
at org.testng.remote.AbstractRemoteTestNG.run(AbstractRemoteTestNG.java:115)
at org.testng.remote.RemoteTestNG.initAndRun(RemoteTestNG.java:251)
at org.testng.remote.RemoteTestNG.main(RemoteTestNG.java:77)
]]>
            </full-stacktrace>
          </exception> <!-- java.lang.IllegalStateException -->
          <reporter-output>
          </reporter-output>
        </test-method> <!-- DropDownTest -->
        <test-method is-config="true" signature="AfterMethod()[pri:0, instance:MyAutomation.TestNG_Annotation@3514a4c0]" started-at="2022-02-25T16:31:27 IST" name="AfterMethod" finished-at="2022-02-25T16:31:27 IST" duration-ms="0" status="PASS">
          <reporter-output>
          </reporter-output>
        </test-method> <!-- AfterMethod -->
        <test-method is-config="true" signature="AfterClass()[pri:0, instance:MyAutomation.TestNG_Annotation@3514a4c0]" started-at="2022-02-25T16:31:27 IST" name="AfterClass" finished-at="2022-02-25T16:31:27 IST" duration-ms="1" status="PASS">
          <reporter-output>
          </reporter-output>
        </test-method> <!-- AfterClass -->
        <test-method is-config="true" signature="AfterTest()[pri:0, instance:MyAutomation.TestNG_Annotation@3514a4c0]" started-at="2022-02-25T16:31:35 IST" name="AfterTest" finished-at="2022-02-25T16:31:35 IST" duration-ms="0" status="PASS">
          <reporter-output>
          </reporter-output>
        </test-method> <!-- AfterTest -->
        <test-method is-config="true" signature="AfterSuite()[pri:0, instance:MyAutomation.TestNG_Annotation@3514a4c0]" started-at="2022-02-25T16:31:35 IST" name="AfterSuite" finished-at="2022-02-25T16:31:35 IST" duration-ms="0" status="PASS">
          <reporter-output>
          </reporter-output>
        </test-method> <!-- AfterSuite -->
      </class> <!-- MyAutomation.TestNG_Annotation -->
      <class name="MyAutomation.StaticDropDown">
        <test-method is-config="true" signature="testSetuo()[pri:0, instance:MyAutomation.StaticDropDown@4de4b452]" started-at="2022-02-25T16:31:27 IST" name="testSetuo" finished-at="2022-02-25T16:31:29 IST" duration-ms="2699" status="PASS">
          <reporter-output>
          </reporter-output>
        </test-method> <!-- testSetuo -->
        <test-method is-config="true" signature="openBrower()[pri:0, instance:MyAutomation.StaticDropDown@4de4b452]" started-at="2022-02-25T16:31:29 IST" name="openBrower" finished-at="2022-02-25T16:31:34 IST" duration-ms="4990" status="PASS">
          <reporter-output>
          </reporter-output>
        </test-method> <!-- openBrower -->
        <test-method signature="DropdownTest()[pri:0, instance:MyAutomation.StaticDropDown@4de4b452]" started-at="2022-02-25T16:31:34 IST" name="DropdownTest" finished-at="2022-02-25T16:31:35 IST" duration-ms="429" status="PASS">
          <reporter-output>
          </reporter-output>
        </test-method> <!-- DropdownTest -->
        <test-method is-config="true" signature="endtest()[pri:0, instance:MyAutomation.StaticDropDown@4de4b452]" started-at="2022-02-25T16:31:35 IST" name="endtest" finished-at="2022-02-25T16:31:35 IST" duration-ms="247" status="PASS">
          <reporter-output>
          </reporter-output>
        </test-method> <!-- endtest -->
      </class> <!-- MyAutomation.StaticDropDown -->
    </test> <!-- Test -->
  </suite> <!-- Suite -->
</testng-results>
