<?xml version="1.0" encoding="UTF-8"?>
<testng-results ignored="0" total="2" passed="2" failed="0" skipped="0">
  <reporter-output>
  </reporter-output>
  <suite started-at="2022-02-03T23:14:28 IST" name="Data Driver Basics" finished-at="2022-02-03T23:14:35 IST" duration-ms="7642">
    <groups>
    </groups>
    <test started-at="2022-02-03T23:14:28 IST" name="BankManagerLoginTest" finished-at="2022-02-03T23:14:29 IST" duration-ms="872">
      <class name="com.w2e.testcase.BankManagerLoginTest">
        <test-method signature="loginAsBankManager()[pri:0, instance:com.w2e.testcase.BankManagerLoginTest@40499e4f]" started-at="2022-02-03T23:14:28 IST" name="loginAsBankManager" finished-at="2022-02-03T23:14:29 IST" duration-ms="832" status="PASS">
          <reporter-output>
          </reporter-output>
        </test-method> <!-- loginAsBankManager -->
      </class> <!-- com.w2e.testcase.BankManagerLoginTest -->
    </test> <!-- BankManagerLoginTest -->
    <test started-at="2022-02-03T23:14:29 IST" name="Add Custpmer test" finished-at="2022-02-03T23:14:35 IST" duration-ms="6757">
      <class name="com.w2e.testcase.AddCustomerTest">
        <test-method is-config="true" signature="setup()[pri:0, instance:com.w2e.testcase.AddCustomerTest@4f2c9ba6]" started-at="2022-02-03T23:14:24 IST" name="setup" finished-at="2022-02-03T23:14:28 IST" duration-ms="4260" status="PASS">
          <reporter-output>
          </reporter-output>
        </test-method> <!-- setup -->
        <test-method signature="addCustTest(java.lang.String,java.lang.String,java.lang.String,java.lang.String)[pri:0, instance:com.w2e.testcase.AddCustomerTest@4f2c9ba6]" started-at="2022-02-03T23:14:29 IST" name="addCustTest" data-provider="getData" finished-at="2022-02-03T23:14:35 IST" duration-ms="6742" status="PASS">
          <params>
            <param index="0">
              <value>
                <![CDATA[Raman]]>
              </value>
            </param>
            <param index="1">
              <value>
                <![CDATA[Arora]]>
              </value>
            </param>
            <param index="2">
              <value>
                <![CDATA[A234wd]]>
              </value>
            </param>
            <param index="3">
              <value>
                <![CDATA[Customer added successfully]]>
              </value>
            </param>
          </params>
          <reporter-output>
          </reporter-output>
        </test-method> <!-- addCustTest -->
        <test-method is-config="true" signature="tearDown()[pri:0, instance:com.w2e.testcase.AddCustomerTest@4f2c9ba6]" started-at="2022-02-03T23:14:35 IST" name="tearDown" finished-at="2022-02-03T23:14:37 IST" duration-ms="1184" status="PASS">
          <reporter-output>
          </reporter-output>
        </test-method> <!-- tearDown -->
      </class> <!-- com.w2e.testcase.AddCustomerTest -->
    </test> <!-- Add Custpmer test -->
  </suite> <!-- Data Driver Basics -->
</testng-results>
